1611298037307	geckodriver	INFO	Listening on 127.0.0.1:53408
1611298041247	mozrunner::runner	INFO	Running command: "C:\\Program Files\\Mozilla Firefox\\firefox.exe" "--marionette" "-foreground" "-no-remote" "-profile" "C:\\Users\\user\\AppData\\Local\\Temp\\rust_mozprofile7zocBa"
Can't find symbol 'eglSwapBuffersWithDamageEXT'.
Can't find symbol 'eglSetDamageRegionKHR'.
JavaScript error: resource://gre/modules/XULStore.jsm, line 66: Error: Can't find profile directory.
console.warn: SearchSettings: "get: No settings file exists, new profile?" (new Error("", "(unknown module)"))
1611298046368	Marionette	INFO	Listening on port 53416
1611298046486	Marionette	WARN	TLS certificate errors will be ignored for this session
JavaScript error: resource://activity-stream/lib/ActivityStreamPrefs.jsm, line 27: NS_ERROR_ILLEGAL_VALUE: Component returned failure code: 0x80070057 (NS_ERROR_ILLEGAL_VALUE) [nsIPrefBranch.removeObserver]
console.error: Region.jsm: "Error fetching region" (new TypeError("NetworkError when attempting to fetch resource.", ""))
console.error: Region.jsm: "Failed to fetch region" (new Error("NO_RESULT", "resource://gre/modules/Region.jsm", 376))
JavaScript error: resource://activity-stream/lib/PlacesFeed.jsm, line 198: NS_ERROR_UNEXPECTED: Component returned failure code: 0x8000ffff (NS_ERROR_UNEXPECTED) [nsINavHistoryService.addObserver]
JavaScript error: resource://gre/modules/ExtensionSettingsStore.jsm, line 123: Error: The ExtensionSettingsStore was accessed before the initialize promise resolved.
*** UTM:SVC TimerManager:registerTimer called after profile-before-change notification. Ignoring timer registration for id: rs-experiment-loader-timer
console.log: "RemoteSettingsWorker error: Error: Can't import when we've started shutting down."
console.log: "RemoteSettingsWorker error: Error: Can't import when we've started shutting down."
console.log: "RemoteSettingsWorker error: Error: Can't import when we've started shutting down."
console.error: "Could not load engine google@search.mozilla.org: [Exception... \"AddonManager is not initialized\"  nsresult: \"0xc1f30001 (NS_ERROR_NOT_INITIALIZED)\"  location: \"JS frame :: resource://gre/modules/AddonManager.jsm :: installBuiltinAddon :: line 2550\"  data: no]"
console.error: "Could not load engine amazondotcom@search.mozilla.org: [Exception... \"AddonManager is not initialized\"  nsresult: \"0xc1f30001 (NS_ERROR_NOT_INITIALIZED)\"  location: \"JS frame :: resource://gre/modules/AddonManager.jsm :: installBuiltinAddon :: line 2550\"  data: no]"
console.error: "Could not load engine ddg@search.mozilla.org: [Exception... \"AddonManager is not initialized\"  nsresult: \"0xc1f30001 (NS_ERROR_NOT_INITIALIZED)\"  location: \"JS frame :: resource://gre/modules/AddonManager.jsm :: installBuiltinAddon :: line 2550\"  data: no]"
console.error: "Could not load engine bing@search.mozilla.org: [Exception... \"AddonManager is not initialized\"  nsresult: \"0xc1f30001 (NS_ERROR_NOT_INITIALIZED)\"  location: \"JS frame :: resource://gre/modules/AddonManager.jsm :: installBuiltinAddon :: line 2550\"  data: no]"
console.error: "Could not load engine wikipedia@search.mozilla.org: [Exception... \"AddonManager is not initialized\"  nsresult: \"0xc1f30001 (NS_ERROR_NOT_INITIALIZED)\"  location: \"JS frame :: resource://gre/modules/AddonManager.jsm :: installBuiltinAddon :: line 2550\"  data: no]"
console.warn: SearchService: "_init: abandoning init due to shutting down"
console.log: "RemoteSettingsWorker error: Error: Can't import when we've started shutting down."
JavaScript error: resource://gre/modules/AsyncShutdown.jsm, line 554: uncaught exception: 2147500036
JavaScript error: resource://gre/modules/AsyncShutdown.jsm, line 554: uncaught exception: 2147500036
JavaScript error: resource://gre/modules/AsyncShutdown.jsm, line 554: uncaught exception: 2147500036
JavaScript error: resource://gre/modules/AsyncShutdown.jsm, line 554: uncaught exception: 2147500036
JavaScript error: resource://gre/modules/AsyncShutdown.jsm, line 554: uncaught exception: 2147500036
1611298052191	Marionette	INFO	Stopped listening on port 53416

###!!! [Child][RunMessage] Error: Channel closing: too late to send/recv, messages will be lost


###!!! [Child][MessageChannel::SendAndWait] Error: Channel error: cannot send/recv

